f:\github\engrammerstudio\novos_engine\novos_engine\lib\luagod\luagod\x64\debug\vc141.pdb
f:\github\engrammerstudio\novos_engine\novos_engine\lib\luagod\luagod\x64\debug\vc141.idb
f:\github\engrammerstudio\novos_engine\novos_engine\lib\luagod\luagod\x64\debug\lobject.obj
f:\github\engrammerstudio\novos_engine\novos_engine\lib\luagod\luagod\x64\debug\loadlib.obj
f:\github\engrammerstudio\novos_engine\novos_engine\lib\luagod\luagod\x64\debug\lmem.obj
f:\github\engrammerstudio\novos_engine\novos_engine\lib\luagod\luagod\x64\debug\lmathlib.obj
f:\github\engrammerstudio\novos_engine\novos_engine\lib\luagod\luagod\x64\debug\llex.obj
f:\github\engrammerstudio\novos_engine\novos_engine\lib\luagod\luagod\x64\debug\liolib.obj
f:\github\engrammerstudio\novos_engine\novos_engine\lib\luagod\luagod\x64\debug\linit.obj
f:\github\engrammerstudio\novos_engine\novos_engine\lib\luagod\luagod\x64\debug\lgc.obj
f:\github\engrammerstudio\novos_engine\novos_engine\lib\luagod\luagod\x64\debug\lfunc.obj
f:\github\engrammerstudio\novos_engine\novos_engine\lib\luagod\luagod\x64\debug\ldump.obj
f:\github\engrammerstudio\novos_engine\novos_engine\lib\luagod\luagod\x64\debug\ldo.obj
f:\github\engrammerstudio\novos_engine\novos_engine\lib\luagod\luagod\x64\debug\ldebug.obj
f:\github\engrammerstudio\novos_engine\novos_engine\lib\luagod\luagod\x64\debug\ldblib.obj
f:\github\engrammerstudio\novos_engine\novos_engine\lib\luagod\luagod\x64\debug\lctype.obj
f:\github\engrammerstudio\novos_engine\novos_engine\lib\luagod\luagod\x64\debug\lcorolib.obj
f:\github\engrammerstudio\novos_engine\novos_engine\lib\luagod\luagod\x64\debug\lcode.obj
f:\github\engrammerstudio\novos_engine\novos_engine\lib\luagod\luagod\x64\debug\lbitlib.obj
f:\github\engrammerstudio\novos_engine\novos_engine\lib\luagod\luagod\x64\debug\lbaselib.obj
f:\github\engrammerstudio\novos_engine\novos_engine\lib\luagod\luagod\x64\debug\lauxlib.obj
f:\github\engrammerstudio\novos_engine\novos_engine\lib\luagod\luagod\x64\debug\lapi.obj
f:\github\engrammerstudio\novos_engine\novos_engine\lib\luagod\luagod\x64\debug\lzio.obj
f:\github\engrammerstudio\novos_engine\novos_engine\lib\luagod\luagod\x64\debug\lvm.obj
f:\github\engrammerstudio\novos_engine\novos_engine\lib\luagod\luagod\x64\debug\lutf8lib.obj
f:\github\engrammerstudio\novos_engine\novos_engine\lib\luagod\luagod\x64\debug\lundump.obj
f:\github\engrammerstudio\novos_engine\novos_engine\lib\luagod\luagod\x64\debug\ltm.obj
f:\github\engrammerstudio\novos_engine\novos_engine\lib\luagod\luagod\x64\debug\ltablib.obj
f:\github\engrammerstudio\novos_engine\novos_engine\lib\luagod\luagod\x64\debug\ltable.obj
f:\github\engrammerstudio\novos_engine\novos_engine\lib\luagod\luagod\x64\debug\lstrlib.obj
f:\github\engrammerstudio\novos_engine\novos_engine\lib\luagod\luagod\x64\debug\lstring.obj
f:\github\engrammerstudio\novos_engine\novos_engine\lib\luagod\luagod\x64\debug\lstate.obj
f:\github\engrammerstudio\novos_engine\novos_engine\lib\luagod\luagod\x64\debug\lparser.obj
f:\github\engrammerstudio\novos_engine\novos_engine\lib\luagod\luagod\x64\debug\loslib.obj
f:\github\engrammerstudio\novos_engine\novos_engine\lib\luagod\luagod\x64\debug\lopcodes.obj
f:\github\engrammerstudio\novos_engine\novos_engine\x64\debug\luagod.ilk
f:\github\engrammerstudio\novos_engine\novos_engine\x64\debug\luagod.dll
f:\github\engrammerstudio\novos_engine\novos_engine\x64\debug\luagod.pdb
f:\github\engrammerstudio\novos_engine\novos_engine\x64\debug\luagod.lib
f:\github\engrammerstudio\novos_engine\novos_engine\x64\debug\luagod.exp
f:\github\engrammerstudio\novos_engine\novos_engine\lib\luagod\luagod\x64\debug\luagod.tlog\cl.command.1.tlog
f:\github\engrammerstudio\novos_engine\novos_engine\lib\luagod\luagod\x64\debug\luagod.tlog\cl.read.1.tlog
f:\github\engrammerstudio\novos_engine\novos_engine\lib\luagod\luagod\x64\debug\luagod.tlog\cl.write.1.tlog
f:\github\engrammerstudio\novos_engine\novos_engine\lib\luagod\luagod\x64\debug\luagod.tlog\link.command.1.tlog
f:\github\engrammerstudio\novos_engine\novos_engine\lib\luagod\luagod\x64\debug\luagod.tlog\link.read.1.tlog
f:\github\engrammerstudio\novos_engine\novos_engine\lib\luagod\luagod\x64\debug\luagod.tlog\link.write.1.tlog
f:\github\engrammerstudio\novos_engine\novos_engine\lib\luagod\luagod\x64\debug\luagod.tlog\luagod.write.1u.tlog
