c:\users\taha_\desktop\sure\engrammerstudio\novos_engine\lib\luagod\luagod\debug\vc141.pdb
c:\users\taha_\desktop\sure\engrammerstudio\novos_engine\lib\luagod\luagod\debug\vc141.idb
c:\users\taha_\desktop\sure\engrammerstudio\novos_engine\lib\luagod\luagod\debug\lobject.obj
c:\users\taha_\desktop\sure\engrammerstudio\novos_engine\lib\luagod\luagod\debug\loadlib.obj
c:\users\taha_\desktop\sure\engrammerstudio\novos_engine\lib\luagod\luagod\debug\lmem.obj
c:\users\taha_\desktop\sure\engrammerstudio\novos_engine\lib\luagod\luagod\debug\lmathlib.obj
c:\users\taha_\desktop\sure\engrammerstudio\novos_engine\lib\luagod\luagod\debug\llex.obj
c:\users\taha_\desktop\sure\engrammerstudio\novos_engine\lib\luagod\luagod\debug\liolib.obj
c:\users\taha_\desktop\sure\engrammerstudio\novos_engine\lib\luagod\luagod\debug\linit.obj
c:\users\taha_\desktop\sure\engrammerstudio\novos_engine\lib\luagod\luagod\debug\lgc.obj
c:\users\taha_\desktop\sure\engrammerstudio\novos_engine\lib\luagod\luagod\debug\lfunc.obj
c:\users\taha_\desktop\sure\engrammerstudio\novos_engine\lib\luagod\luagod\debug\ldump.obj
c:\users\taha_\desktop\sure\engrammerstudio\novos_engine\lib\luagod\luagod\debug\ldo.obj
c:\users\taha_\desktop\sure\engrammerstudio\novos_engine\lib\luagod\luagod\debug\ldebug.obj
c:\users\taha_\desktop\sure\engrammerstudio\novos_engine\lib\luagod\luagod\debug\ldblib.obj
c:\users\taha_\desktop\sure\engrammerstudio\novos_engine\lib\luagod\luagod\debug\lctype.obj
c:\users\taha_\desktop\sure\engrammerstudio\novos_engine\lib\luagod\luagod\debug\lcorolib.obj
c:\users\taha_\desktop\sure\engrammerstudio\novos_engine\lib\luagod\luagod\debug\lcode.obj
c:\users\taha_\desktop\sure\engrammerstudio\novos_engine\lib\luagod\luagod\debug\lbitlib.obj
c:\users\taha_\desktop\sure\engrammerstudio\novos_engine\lib\luagod\luagod\debug\lbaselib.obj
c:\users\taha_\desktop\sure\engrammerstudio\novos_engine\lib\luagod\luagod\debug\lauxlib.obj
c:\users\taha_\desktop\sure\engrammerstudio\novos_engine\lib\luagod\luagod\debug\lapi.obj
c:\users\taha_\desktop\sure\engrammerstudio\novos_engine\lib\luagod\luagod\debug\lzio.obj
c:\users\taha_\desktop\sure\engrammerstudio\novos_engine\lib\luagod\luagod\debug\lvm.obj
c:\users\taha_\desktop\sure\engrammerstudio\novos_engine\lib\luagod\luagod\debug\lutf8lib.obj
c:\users\taha_\desktop\sure\engrammerstudio\novos_engine\lib\luagod\luagod\debug\lundump.obj
c:\users\taha_\desktop\sure\engrammerstudio\novos_engine\lib\luagod\luagod\debug\ltm.obj
c:\users\taha_\desktop\sure\engrammerstudio\novos_engine\lib\luagod\luagod\debug\ltablib.obj
c:\users\taha_\desktop\sure\engrammerstudio\novos_engine\lib\luagod\luagod\debug\ltable.obj
c:\users\taha_\desktop\sure\engrammerstudio\novos_engine\lib\luagod\luagod\debug\lstrlib.obj
c:\users\taha_\desktop\sure\engrammerstudio\novos_engine\lib\luagod\luagod\debug\lstring.obj
c:\users\taha_\desktop\sure\engrammerstudio\novos_engine\lib\luagod\luagod\debug\lstate.obj
c:\users\taha_\desktop\sure\engrammerstudio\novos_engine\lib\luagod\luagod\debug\lparser.obj
c:\users\taha_\desktop\sure\engrammerstudio\novos_engine\lib\luagod\luagod\debug\loslib.obj
c:\users\taha_\desktop\sure\engrammerstudio\novos_engine\lib\luagod\luagod\debug\lopcodes.obj
c:\users\taha_\desktop\sure\engrammerstudio\novos_engine\debug\luagod.ilk
c:\users\taha_\desktop\sure\engrammerstudio\novos_engine\debug\luagod.dll
c:\users\taha_\desktop\sure\engrammerstudio\novos_engine\debug\luagod.pdb
c:\users\taha_\desktop\sure\engrammerstudio\novos_engine\debug\luagod.lib
c:\users\taha_\desktop\sure\engrammerstudio\novos_engine\debug\luagod.exp
c:\users\taha_\desktop\sure\engrammerstudio\novos_engine\lib\luagod\luagod\debug\luagod.tlog\cl.command.1.tlog
c:\users\taha_\desktop\sure\engrammerstudio\novos_engine\lib\luagod\luagod\debug\luagod.tlog\cl.read.1.tlog
c:\users\taha_\desktop\sure\engrammerstudio\novos_engine\lib\luagod\luagod\debug\luagod.tlog\cl.write.1.tlog
c:\users\taha_\desktop\sure\engrammerstudio\novos_engine\lib\luagod\luagod\debug\luagod.tlog\link.command.1.tlog
c:\users\taha_\desktop\sure\engrammerstudio\novos_engine\lib\luagod\luagod\debug\luagod.tlog\link.read.1.tlog
c:\users\taha_\desktop\sure\engrammerstudio\novos_engine\lib\luagod\luagod\debug\luagod.tlog\link.write.1.tlog
c:\users\taha_\desktop\sure\engrammerstudio\novos_engine\lib\luagod\luagod\debug\luagod.tlog\luagod.write.1u.tlog
