  lapi.c
  lauxlib.c
  lbaselib.c
  lbitlib.c
  lcode.c
  lcorolib.c
  lctype.c
  ldblib.c
  ldebug.c
  ldo.c
  ldump.c
  lfunc.c
  lgc.c
  linit.c
  liolib.c
  llex.c
  lmathlib.c
  lmem.c
  loadlib.c
  lobject.c
  Compiling...
  lopcodes.c
  loslib.c
  lparser.c
  lstate.c
  lstring.c
  lstrlib.c
  ltable.c
  ltablib.c
  ltm.c
  lundump.c
  lutf8lib.c
  lvm.c
  lzio.c
     Creating library F:\GitHub\EngrammerStudio\Novos_Engine\Novos_Engine\x64\Release\LuaGod.lib and object F:\GitHub\EngrammerStudio\Novos_Engine\Novos_Engine\x64\Release\LuaGod.exp
  Generating code
  All 876 functions were compiled because no usable IPDB/IOBJ from previous compilation was found.
  Finished generating code
  LuaGod.vcxproj -> F:\GitHub\EngrammerStudio\Novos_Engine\Novos_Engine\x64\Release\LuaGod.dll
