f:\github\engrammerstudio\novos_engine\novos_engine\temp\debug\x64\novos_enginex64debug.pch
f:\github\engrammerstudio\novos_engine\novos_engine\temp\debug\x64\vc141.pdb
f:\github\engrammerstudio\novos_engine\novos_engine\temp\debug\x64\vc141.idb
f:\github\engrammerstudio\novos_engine\novos_engine\temp\debug\x64\stdafx.obj
f:\github\engrammerstudio\novos_engine\novos_engine\temp\debug\x64\transformcomponent.obj
f:\github\engrammerstudio\novos_engine\novos_engine\temp\debug\x64\systeminitializer.obj
f:\github\engrammerstudio\novos_engine\novos_engine\temp\debug\x64\scriptcomponent.obj
f:\github\engrammerstudio\novos_engine\novos_engine\temp\debug\x64\rigidbody.obj
f:\github\engrammerstudio\novos_engine\novos_engine\temp\debug\x64\rendercomponent.obj
f:\github\engrammerstudio\novos_engine\novos_engine\temp\debug\x64\gameobject.obj
f:\github\engrammerstudio\novos_engine\novos_engine\temp\debug\x64\enginesystem.obj
f:\github\engrammerstudio\novos_engine\novos_engine\temp\debug\x64\physicsystem.obj
f:\github\engrammerstudio\novos_engine\novos_engine\temp\debug\x64\main.obj
f:\github\engrammerstudio\novos_engine\novos_engine\temp\debug\x64\jsonparser.obj
f:\github\engrammerstudio\novos_engine\novos_engine\temp\debug\x64\inputinterface.obj
f:\github\engrammerstudio\novos_engine\novos_engine\temp\debug\x64\gamecodeapp.obj
f:\github\engrammerstudio\novos_engine\novos_engine\temp\debug\x64\audiocomponent.obj
f:\github\engrammerstudio\novos_engine\novos_engine\game\debug\x64\novos_enginex64debug.ilk
f:\github\engrammerstudio\novos_engine\novos_engine\game\debug\x64\novos_enginex64debug.exe
f:\github\engrammerstudio\novos_engine\novos_engine\game\debug\x64\novos_enginex64debug.pdb
f:\github\engrammerstudio\novos_engine\novos_engine\novos_engine\..\game\debug\x64\novos_enginex64debug.exe
f:\github\engrammerstudio\novos_engine\novos_engine\temp\debug\x64\novos_engine.tlog\cl.command.1.tlog
f:\github\engrammerstudio\novos_engine\novos_engine\temp\debug\x64\novos_engine.tlog\cl.read.1.tlog
f:\github\engrammerstudio\novos_engine\novos_engine\temp\debug\x64\novos_engine.tlog\cl.write.1.tlog
f:\github\engrammerstudio\novos_engine\novos_engine\temp\debug\x64\novos_engine.tlog\link.command.1.tlog
f:\github\engrammerstudio\novos_engine\novos_engine\temp\debug\x64\novos_engine.tlog\link.read.1.tlog
f:\github\engrammerstudio\novos_engine\novos_engine\temp\debug\x64\novos_engine.tlog\link.write.1.tlog
